# JRE version: Java(TM) SE Runtime Environment (8.0_131-b11) (build 1.8.0_131-b11)
# Java VM: Java HotSpot(TM) 64-Bit Server VM (25.131-b11 mixed mode bsd-amd64 compressed oops)
Heap:
 PSYoungGen      total 72192K, used 72189K [0x00000007a0000000, 0x00000007a5e00000, 0x00000007c0000000)
  eden space 53248K, 100% used [0x00000007a0000000,0x00000007a3400000,0x00000007a3400000)
  from space 18944K, 99% used [0x00000007a3500000,0x00000007a477f540,0x00000007a4780000)
  to   space 21504K, 99% used [0x00000007a4900000,0x00000007a5dff4e0,0x00000007a5e00000)
 ParOldGen       total 81408K, used 18468K [0x0000000760000000, 0x0000000764f80000, 0x00000007a0000000)
  object space 81408K, 22% used [0x0000000760000000,0x0000000761209210,0x0000000764f80000)
 Metaspace       used 55534K, capacity 57478K, committed 57648K, reserved 1099776K
  class space    used 7703K, capacity 8195K, committed 8240K, reserved 1048576K
GC Heap History (10 events):
Event: 132.790 GC heap before
{Heap before GC invocations=11 (full 2):
 PSYoungGen      total 72192K, used 70239K [0x00000007a0000000, 0x00000007a5380000, 0x00000007c0000000)
  eden space 59904K, 100% used [0x00000007a0000000,0x00000007a3a80000,0x00000007a3a80000)
  from space 12288K, 84% used [0x00000007a4780000,0x00000007a5197ca8,0x00000007a5380000)
  to   space 12800K, 0% used [0x00000007a3a80000,0x00000007a3a80000,0x00000007a4700000)
 ParOldGen       total 81408K, used 15988K [0x0000000760000000, 0x0000000764f80000, 0x00000007a0000000)
  object space 81408K, 19% used [0x0000000760000000,0x0000000760f9d040,0x0000000764f80000)
 Metaspace       used 46615K, capacity 47804K, committed 48048K, reserved 1091584K
  class space    used 6387K, capacity 6725K, committed 6832K, reserved 1048576K
Event: 132.806 GC heap after
Heap after GC invocations=11 (full 2):
 PSYoungGen      total 71680K, used 11883K [0x00000007a0000000, 0x00000007a5480000, 0x00000007c0000000)
  eden space 58880K, 0% used [0x00000007a0000000,0x00000007a0000000,0x00000007a3980000)
  from space 12800K, 92% used [0x00000007a3a80000,0x00000007a461af68,0x00000007a4700000)
  to   space 13824K, 0% used [0x00000007a4700000,0x00000007a4700000,0x00000007a5480000)
 ParOldGen       total 81408K, used 15996K [0x0000000760000000, 0x0000000764f80000, 0x00000007a0000000)
  object space 81408K, 19% used [0x0000000760000000,0x0000000760f9f040,0x0000000764f80000)
 Metaspace       used 46615K, capacity 47804K, committed 48048K, reserved 1091584K
  class space    used 6387K, capacity 6725K, committed 6832K, reserved 1048576K
}
Event: 135.310 GC heap before
{Heap before GC invocations=12 (full 2):
 PSYoungGen      total 71680K, used 70763K [0x00000007a0000000, 0x00000007a5480000, 0x00000007c0000000)
  eden space 58880K, 100% used [0x00000007a0000000,0x00000007a3980000,0x00000007a3980000)
  from space 12800K, 92% used [0x00000007a3a80000,0x00000007a461af68,0x00000007a4700000)
  to   space 13824K, 0% used [0x00000007a4700000,0x00000007a4700000,0x00000007a5480000)
 ParOldGen       total 81408K, used 15996K [0x0000000760000000, 0x0000000764f80000, 0x00000007a0000000)
  object space 81408K, 19% used [0x0000000760000000,0x0000000760f9f040,0x0000000764f80000)
 Metaspace       used 46939K, capacity 48078K, committed 48304K, reserved 1091584K
  class space    used 6407K, capacity 6740K, committed 6832K, reserved 1048576K
Event: 135.324 GC heap after
Heap after GC invocations=12 (full 2):
 PSYoungGen      total 71680K, used 12514K [0x00000007a0000000, 0x00000007a5580000, 0x00000007c0000000)
  eden space 57856K, 0% used [0x00000007a0000000,0x00000007a0000000,0x00000007a3880000)
  from space 13824K, 90% used [0x00000007a4700000,0x00000007a53389a8,0x00000007a5480000)
  to   space 14848K, 0% used [0x00000007a3880000,0x00000007a3880000,0x00000007a4700000)
 ParOldGen       total 81408K, used 15996K [0x0000000760000000, 0x0000000764f80000, 0x00000007a0000000)
  object space 81408K, 19% used [0x0000000760000000,0x0000000760f9f040,0x0000000764f80000)
 Metaspace       used 46939K, capacity 48078K, committed 48304K, reserved 1091584K
  class space    used 6407K, capacity 6740K, committed 6832K, reserved 1048576K
}
Event: 145.188 GC heap before
{Heap before GC invocations=13 (full 2):
 PSYoungGen      total 71680K, used 70370K [0x00000007a0000000, 0x00000007a5580000, 0x00000007c0000000)
  eden space 57856K, 100% used [0x00000007a0000000,0x00000007a3880000,0x00000007a3880000)
  from space 13824K, 90% used [0x00000007a4700000,0x00000007a53389a8,0x00000007a5480000)
  to   space 14848K, 0% used [0x00000007a3880000,0x00000007a3880000,0x00000007a4700000)
 ParOldGen       total 81408K, used 15996K [0x0000000760000000, 0x0000000764f80000, 0x00000007a0000000)
  object space 81408K, 19% used [0x0000000760000000,0x0000000760f9f040,0x0000000764f80000)
 Metaspace       used 49951K, capacity 51434K, committed 51632K, reserved 1093632K
  class space    used 6835K, capacity 7246K, committed 7344K, reserved 1048576K
Event: 145.216 GC heap after
Heap after GC invocations=13 (full 2):
 PSYoungGen      total 71680K, used 14819K [0x00000007a0000000, 0x00000007a5780000, 0x00000007c0000000)
  eden space 56832K, 0% used [0x00000007a0000000,0x00000007a0000000,0x00000007a3780000)
  from space 14848K, 99% used [0x00000007a3880000,0x00000007a46f8fa0,0x00000007a4700000)
  to   space 16384K, 0% used [0x00000007a4780000,0x00000007a4780000,0x00000007a5780000)
 ParOldGen       total 81408K, used 16447K [0x0000000760000000, 0x0000000764f80000, 0x00000007a0000000)
  object space 81408K, 20% used [0x0000000760000000,0x000000076100fe10,0x0000000764f80000)
 Metaspace       used 49951K, capacity 51434K, committed 51632K, reserved 1093632K
  class space    used 6835K, capacity 7246K, committed 7344K, reserved 1048576K
}
Event: 158.822 GC heap before
{Heap before GC invocations=14 (full 2):
 PSYoungGen      total 71680K, used 71651K [0x00000007a0000000, 0x00000007a5780000, 0x00000007c0000000)
  eden space 56832K, 100% used [0x00000007a0000000,0x00000007a3780000,0x00000007a3780000)
  from space 14848K, 99% used [0x00000007a3880000,0x00000007a46f8fa0,0x00000007a4700000)
  to   space 16384K, 0% used [0x00000007a4780000,0x00000007a4780000,0x00000007a5780000)
 ParOldGen       total 81408K, used 16447K [0x0000000760000000, 0x0000000764f80000, 0x00000007a0000000)
  object space 81408K, 20% used [0x0000000760000000,0x000000076100fe10,0x0000000764f80000)
 Metaspace       used 53591K, capacity 55494K, committed 55856K, reserved 1097728K
  class space    used 7417K, capacity 7895K, committed 7984K, reserved 1048576K
Event: 158.847 GC heap after
Heap after GC invocations=14 (full 2):
 PSYoungGen      total 70656K, used 16361K [0x00000007a0000000, 0x00000007a5b80000, 0x00000007c0000000)
  eden space 54272K, 0% used [0x00000007a0000000,0x00000007a0000000,0x00000007a3500000)
  from space 16384K, 99% used [0x00000007a4780000,0x00000007a577a4a8,0x00000007a5780000)
  to   space 18944K, 0% used [0x00000007a3500000,0x00000007a3500000,0x00000007a4780000)
 ParOldGen       total 81408K, used 18091K [0x0000000760000000, 0x0000000764f80000, 0x00000007a0000000)
  object space 81408K, 22% used [0x0000000760000000,0x00000007611aaf60,0x0000000764f80000)
 Metaspace       used 53591K, capacity 55494K, committed 55856K, reserved 1097728K
  class space    used 7417K, capacity 7895K, committed 7984K, reserved 1048576K
}
Event: 165.043 GC heap before
{Heap before GC invocations=15 (full 2):
 PSYoungGen      total 70656K, used 70633K [0x00000007a0000000, 0x00000007a5b80000, 0x00000007c0000000)
  eden space 54272K, 100% used [0x00000007a0000000,0x00000007a3500000,0x00000007a3500000)
  from space 16384K, 99% used [0x00000007a4780000,0x00000007a577a4a8,0x00000007a5780000)
  to   space 18944K, 0% used [0x00000007a3500000,0x00000007a3500000,0x00000007a4780000)
 ParOldGen       total 81408K, used 18091K [0x0000000760000000, 0x0000000764f80000, 0x00000007a0000000)
  object space 81408K, 22% used [0x0000000760000000,0x00000007611aaf60,0x0000000764f80000)
 Metaspace       used 54306K, capacity 56192K, committed 56368K, reserved 1097728K
  class space    used 7486K, capacity 7946K, committed 7984K, reserved 1048576K
Event: 165.081 GC heap after
Heap after GC invocations=15 (full 2):
 PSYoungGen      total 72192K, used 18941K [0x00000007a0000000, 0x00000007a5e00000, 0x00000007c0000000)
  eden space 53248K, 0% used [0x00000007a0000000,0x00000007a0000000,0x00000007a3400000)
  from space 18944K, 99% used [0x00000007a3500000,0x00000007a477f540,0x00000007a4780000)
  to   space 21504K, 0% used [0x00000007a4900000,0x00000007a4900000,0x00000007a5e00000)
 ParOldGen       total 81408K, used 18404K [0x0000000760000000, 0x0000000764f80000, 0x00000007a0000000)
  object space 81408K, 22% used [0x0000000760000000,0x00000007611f9210,0x0000000764f80000)
 Metaspace       used 54306K, capacity 56192K, committed 56368K, reserved 1097728K
  class space    used 7486K, capacity 7946K, committed 7984K, reserved 1048576K
}

